2020-06-26 20:13:06 Error: Fatal Error (4): syntax error, unexpected 'if' (T_IF) in [/home/pawarpre/public_html/pjn.simpleaccounting.in/app/Controller/SalesController.php, line 195]
2020-06-26 20:13:06 Error: [FatalErrorException] syntax error, unexpected 'if' (T_IF)
Request URL: /sales/addProduct/
Stack Trace:
#0 /home/pawarpre/public_html/pjn.simpleaccounting.in/lib/Cake/Error/ErrorHandler.php(212): ErrorHandler::handleFatalError(4, 'syntax error, u...', '/home/pawarpre/...', 195)
#1 [internal function]: ErrorHandler::handleError(4, 'syntax error, u...', '/home/pawarpre/...', 195, Array)
#2 /home/pawarpre/public_html/pjn.simpleaccounting.in/lib/Cake/Core/App.php(970): call_user_func('ErrorHandler::h...', 4, 'syntax error, u...', '/home/pawarpre/...', 195, Array)
#3 /home/pawarpre/public_html/pjn.simpleaccounting.in/lib/Cake/Core/App.php(943): App::_checkFatalError()
#4 [internal function]: App::shutdown()
#5 {main}
2020-06-26 20:13:08 Error: Fatal Error (4): syntax error, unexpected 'if' (T_IF) in [/home/pawarpre/public_html/pjn.simpleaccounting.in/app/Controller/SalesController.php, line 195]
2020-06-26 20:13:08 Error: [FatalErrorException] syntax error, unexpected 'if' (T_IF)
Request URL: /sales/addProduct/
Stack Trace:
#0 /home/pawarpre/public_html/pjn.simpleaccounting.in/lib/Cake/Error/ErrorHandler.php(212): ErrorHandler::handleFatalError(4, 'syntax error, u...', '/home/pawarpre/...', 195)
#1 [internal function]: ErrorHandler::handleError(4, 'syntax error, u...', '/home/pawarpre/...', 195, Array)
#2 /home/pawarpre/public_html/pjn.simpleaccounting.in/lib/Cake/Core/App.php(970): call_user_func('ErrorHandler::h...', 4, 'syntax error, u...', '/home/pawarpre/...', 195, Array)
#3 /home/pawarpre/public_html/pjn.simpleaccounting.in/lib/Cake/Core/App.php(943): App::_checkFatalError()
#4 [internal function]: App::shutdown()
#5 {main}
2020-06-26 20:46:56 Error: Fatal Error (1): Call to a member function save() on null in [/home/pawarpre/public_html/pjn.simpleaccounting.in/app/Controller/AppController.php, line 223]
2020-06-26 20:46:56 Error: [FatalErrorException] Call to a member function save() on null
Request URL: /sales/removeProduct/89224
Stack Trace:
#0 /home/pawarpre/public_html/pjn.simpleaccounting.in/lib/Cake/Error/ErrorHandler.php(212): ErrorHandler::handleFatalError(1, 'Call to a membe...', '/home/pawarpre/...', 223)
#1 [internal function]: ErrorHandler::handleError(1, 'Call to a membe...', '/home/pawarpre/...', 223, Array)
#2 /home/pawarpre/public_html/pjn.simpleaccounting.in/lib/Cake/Core/App.php(970): call_user_func('ErrorHandler::h...', 1, 'Call to a membe...', '/home/pawarpre/...', 223, Array)
#3 /home/pawarpre/public_html/pjn.simpleaccounting.in/lib/Cake/Core/App.php(943): App::_checkFatalError()
#4 [internal function]: App::shutdown()
#5 {main}
2020-06-26 22:44:58 Error: [PDOException] SQLSTATE[42000]: Syntax error or access violation: 1064 You have an error in your SQL syntax; check the manual that corresponds to your MySQL server version for the right syntax to use near ' `Sale`.`franchise_name` =   WHERE `Sale`.`invoice_id` = 1037' at line 1
Request URL: /invoices/edit/1037
Stack Trace:
#0 /home/pawarpre/public_html/pjn.simpleaccounting.in/lib/Cake/Model/Datasource/DboSource.php(472): PDOStatement->execute(Array)
#1 /home/pawarpre/public_html/pjn.simpleaccounting.in/lib/Cake/Model/Datasource/DboSource.php(438): DboSource->_execute('UPDATE `pawarpr...', Array)
#2 /home/pawarpre/public_html/pjn.simpleaccounting.in/lib/Cake/Model/Datasource/Database/Mysql.php(424): DboSource->execute('UPDATE `pawarpr...')
#3 /home/pawarpre/public_html/pjn.simpleaccounting.in/lib/Cake/Model/Model.php(2670): Mysql->update(Object(Sale), Array, NULL, Array)
#4 /home/pawarpre/public_html/pjn.simpleaccounting.in/app/Controller/InvoicesController.php(198): Model->updateAll(Array, Array)
#5 [internal function]: InvoicesController->edit('1037')
#6 /home/pawarpre/public_html/pjn.simpleaccounting.in/lib/Cake/Controller/Controller.php(491): ReflectionMethod->invokeArgs(Object(InvoicesController), Array)
#7 /home/pawarpre/public_html/pjn.simpleaccounting.in/lib/Cake/Routing/Dispatcher.php(193): Controller->invokeAction(Object(CakeRequest))
#8 /home/pawarpre/public_html/pjn.simpleaccounting.in/lib/Cake/Routing/Dispatcher.php(167): Dispatcher->_invoke(Object(InvoicesController), Object(CakeRequest))
#9 /home/pawarpre/public_html/pjn.simpleaccounting.in/app/webroot/index.php(97): Dispatcher->dispatch(Object(CakeRequest), Object(CakeResponse))
#10 {main}
2020-06-26 22:48:16 Error: [PDOException] SQLSTATE[42000]: Syntax error or access violation: 1064 You have an error in your SQL syntax; check the manual that corresponds to your MySQL server version for the right syntax to use near ' `Sale`.`franchise_name` =   WHERE `Sale`.`invoice_id` = 1037' at line 1
Request URL: /invoices/edit/1037
Stack Trace:
#0 /home/pawarpre/public_html/pjn.simpleaccounting.in/lib/Cake/Model/Datasource/DboSource.php(472): PDOStatement->execute(Array)
#1 /home/pawarpre/public_html/pjn.simpleaccounting.in/lib/Cake/Model/Datasource/DboSource.php(438): DboSource->_execute('UPDATE `pawarpr...', Array)
#2 /home/pawarpre/public_html/pjn.simpleaccounting.in/lib/Cake/Model/Datasource/Database/Mysql.php(424): DboSource->execute('UPDATE `pawarpr...')
#3 /home/pawarpre/public_html/pjn.simpleaccounting.in/lib/Cake/Model/Model.php(2670): Mysql->update(Object(Sale), Array, NULL, Array)
#4 /home/pawarpre/public_html/pjn.simpleaccounting.in/app/Controller/InvoicesController.php(198): Model->updateAll(Array, Array)
#5 [internal function]: InvoicesController->edit('1037')
#6 /home/pawarpre/public_html/pjn.simpleaccounting.in/lib/Cake/Controller/Controller.php(491): ReflectionMethod->invokeArgs(Object(InvoicesController), Array)
#7 /home/pawarpre/public_html/pjn.simpleaccounting.in/lib/Cake/Routing/Dispatcher.php(193): Controller->invokeAction(Object(CakeRequest))
#8 /home/pawarpre/public_html/pjn.simpleaccounting.in/lib/Cake/Routing/Dispatcher.php(167): Dispatcher->_invoke(Object(InvoicesController), Object(CakeRequest))
#9 /home/pawarpre/public_html/pjn.simpleaccounting.in/app/webroot/index.php(97): Dispatcher->dispatch(Object(CakeRequest), Object(CakeResponse))
#10 {main}
2020-06-26 22:48:33 Error: [PDOException] SQLSTATE[42000]: Syntax error or access violation: 1064 You have an error in your SQL syntax; check the manual that corresponds to your MySQL server version for the right syntax to use near ' `Sale`.`franchise_name` =   WHERE `Sale`.`invoice_id` = 1037' at line 1
Request URL: /invoices/edit/1037
Stack Trace:
#0 /home/pawarpre/public_html/pjn.simpleaccounting.in/lib/Cake/Model/Datasource/DboSource.php(472): PDOStatement->execute(Array)
#1 /home/pawarpre/public_html/pjn.simpleaccounting.in/lib/Cake/Model/Datasource/DboSource.php(438): DboSource->_execute('UPDATE `pawarpr...', Array)
#2 /home/pawarpre/public_html/pjn.simpleaccounting.in/lib/Cake/Model/Datasource/Database/Mysql.php(424): DboSource->execute('UPDATE `pawarpr...')
#3 /home/pawarpre/public_html/pjn.simpleaccounting.in/lib/Cake/Model/Model.php(2670): Mysql->update(Object(Sale), Array, NULL, Array)
#4 /home/pawarpre/public_html/pjn.simpleaccounting.in/app/Controller/InvoicesController.php(198): Model->updateAll(Array, Array)
#5 [internal function]: InvoicesController->edit('1037')
#6 /home/pawarpre/public_html/pjn.simpleaccounting.in/lib/Cake/Controller/Controller.php(491): ReflectionMethod->invokeArgs(Object(InvoicesController), Array)
#7 /home/pawarpre/public_html/pjn.simpleaccounting.in/lib/Cake/Routing/Dispatcher.php(193): Controller->invokeAction(Object(CakeRequest))
#8 /home/pawarpre/public_html/pjn.simpleaccounting.in/lib/Cake/Routing/Dispatcher.php(167): Dispatcher->_invoke(Object(InvoicesController), Object(CakeRequest))
#9 /home/pawarpre/public_html/pjn.simpleaccounting.in/app/webroot/index.php(97): Dispatcher->dispatch(Object(CakeRequest), Object(CakeResponse))
#10 {main}
2020-06-26 22:48:38 Error: [PDOException] SQLSTATE[42000]: Syntax error or access violation: 1064 You have an error in your SQL syntax; check the manual that corresponds to your MySQL server version for the right syntax to use near ' `Sale`.`franchise_name` =   WHERE `Sale`.`invoice_id` = 1037' at line 1
Request URL: /invoices/edit/1037
Stack Trace:
#0 /home/pawarpre/public_html/pjn.simpleaccounting.in/lib/Cake/Model/Datasource/DboSource.php(472): PDOStatement->execute(Array)
#1 /home/pawarpre/public_html/pjn.simpleaccounting.in/lib/Cake/Model/Datasource/DboSource.php(438): DboSource->_execute('UPDATE `pawarpr...', Array)
#2 /home/pawarpre/public_html/pjn.simpleaccounting.in/lib/Cake/Model/Datasource/Database/Mysql.php(424): DboSource->execute('UPDATE `pawarpr...')
#3 /home/pawarpre/public_html/pjn.simpleaccounting.in/lib/Cake/Model/Model.php(2670): Mysql->update(Object(Sale), Array, NULL, Array)
#4 /home/pawarpre/public_html/pjn.simpleaccounting.in/app/Controller/InvoicesController.php(198): Model->updateAll(Array, Array)
#5 [internal function]: InvoicesController->edit('1037')
#6 /home/pawarpre/public_html/pjn.simpleaccounting.in/lib/Cake/Controller/Controller.php(491): ReflectionMethod->invokeArgs(Object(InvoicesController), Array)
#7 /home/pawarpre/public_html/pjn.simpleaccounting.in/lib/Cake/Routing/Dispatcher.php(193): Controller->invokeAction(Object(CakeRequest))
#8 /home/pawarpre/public_html/pjn.simpleaccounting.in/lib/Cake/Routing/Dispatcher.php(167): Dispatcher->_invoke(Object(InvoicesController), Object(CakeRequest))
#9 /home/pawarpre/public_html/pjn.simpleaccounting.in/app/webroot/index.php(97): Dispatcher->dispatch(Object(CakeRequest), Object(CakeResponse))
#10 {main}
2020-06-26 22:54:46 Error: [PDOException] SQLSTATE[42000]: Syntax error or access violation: 1064 You have an error in your SQL syntax; check the manual that corresponds to your MySQL server version for the right syntax to use near 'IN-S-11111  WHERE `Sale`.`invoice_id` = 1037' at line 1
Request URL: /invoices/edit/1037
Stack Trace:
#0 /home/pawarpre/public_html/pjn.simpleaccounting.in/lib/Cake/Model/Datasource/DboSource.php(472): PDOStatement->execute(Array)
#1 /home/pawarpre/public_html/pjn.simpleaccounting.in/lib/Cake/Model/Datasource/DboSource.php(438): DboSource->_execute('UPDATE `pawarpr...', Array)
#2 /home/pawarpre/public_html/pjn.simpleaccounting.in/lib/Cake/Model/Datasource/Database/Mysql.php(424): DboSource->execute('UPDATE `pawarpr...')
#3 /home/pawarpre/public_html/pjn.simpleaccounting.in/lib/Cake/Model/Model.php(2670): Mysql->update(Object(Sale), Array, NULL, Array)
#4 /home/pawarpre/public_html/pjn.simpleaccounting.in/app/Controller/InvoicesController.php(192): Model->updateAll(Array, Array)
#5 [internal function]: InvoicesController->edit('1037')
#6 /home/pawarpre/public_html/pjn.simpleaccounting.in/lib/Cake/Controller/Controller.php(491): ReflectionMethod->invokeArgs(Object(InvoicesController), Array)
#7 /home/pawarpre/public_html/pjn.simpleaccounting.in/lib/Cake/Routing/Dispatcher.php(193): Controller->invokeAction(Object(CakeRequest))
#8 /home/pawarpre/public_html/pjn.simpleaccounting.in/lib/Cake/Routing/Dispatcher.php(167): Dispatcher->_invoke(Object(InvoicesController), Object(CakeRequest))
#9 /home/pawarpre/public_html/pjn.simpleaccounting.in/app/webroot/index.php(97): Dispatcher->dispatch(Object(CakeRequest), Object(CakeResponse))
#10 {main}
2020-06-26 22:57:35 Error: [PDOException] SQLSTATE[42000]: Syntax error or access violation: 1064 You have an error in your SQL syntax; check the manual that corresponds to your MySQL server version for the right syntax to use near 'G  WHERE `Sale`.`invoice_id` = 1037' at line 1
Request URL: /invoices/edit/1037
Stack Trace:
#0 /home/pawarpre/public_html/pjn.simpleaccounting.in/lib/Cake/Model/Datasource/DboSource.php(472): PDOStatement->execute(Array)
#1 /home/pawarpre/public_html/pjn.simpleaccounting.in/lib/Cake/Model/Datasource/DboSource.php(438): DboSource->_execute('UPDATE `pawarpr...', Array)
#2 /home/pawarpre/public_html/pjn.simpleaccounting.in/lib/Cake/Model/Datasource/Database/Mysql.php(424): DboSource->execute('UPDATE `pawarpr...')
#3 /home/pawarpre/public_html/pjn.simpleaccounting.in/lib/Cake/Model/Model.php(2670): Mysql->update(Object(Sale), Array, NULL, Array)
#4 /home/pawarpre/public_html/pjn.simpleaccounting.in/app/Controller/InvoicesController.php(198): Model->updateAll(Array, Array)
#5 [internal function]: InvoicesController->edit('1037')
#6 /home/pawarpre/public_html/pjn.simpleaccounting.in/lib/Cake/Controller/Controller.php(491): ReflectionMethod->invokeArgs(Object(InvoicesController), Array)
#7 /home/pawarpre/public_html/pjn.simpleaccounting.in/lib/Cake/Routing/Dispatcher.php(193): Controller->invokeAction(Object(CakeRequest))
#8 /home/pawarpre/public_html/pjn.simpleaccounting.in/lib/Cake/Routing/Dispatcher.php(167): Dispatcher->_invoke(Object(InvoicesController), Object(CakeRequest))
#9 /home/pawarpre/public_html/pjn.simpleaccounting.in/app/webroot/index.php(97): Dispatcher->dispatch(Object(CakeRequest), Object(CakeResponse))
#10 {main}
2020-06-26 23:01:48 Error: [MissingConnectionException] Database connection "Mysql" is missing, or could not be created.
Exception Attributes: array (
  'class' => 'Mysql',
  'message' => 'SQLSTATE[08004] [1040] Too many connections',
  'enabled' => true,
)
Request URL: /invoices/
Stack Trace:
#0 /home/pawarpre/public_html/pjn.simpleaccounting.in/lib/Cake/Model/Datasource/DboSource.php(271): Mysql->connect()
#1 /home/pawarpre/public_html/pjn.simpleaccounting.in/lib/Cake/Model/ConnectionManager.php(105): DboSource->__construct(Array)
#2 /home/pawarpre/public_html/pjn.simpleaccounting.in/lib/Cake/Model/Model.php(3640): ConnectionManager::getDataSource('default')
#3 /home/pawarpre/public_html/pjn.simpleaccounting.in/lib/Cake/Model/Model.php(1162): Model->setDataSource('default')
#4 /home/pawarpre/public_html/pjn.simpleaccounting.in/lib/Cake/Model/Model.php(3667): Model->setSource('invoices')
#5 /home/pawarpre/public_html/pjn.simpleaccounting.in/lib/Cake/Model/Model.php(3038): Model->getDataSource()
#6 /home/pawarpre/public_html/pjn.simpleaccounting.in/lib/Cake/Model/Model.php(3010): Model->_readDataSource('all', Array)
#7 /home/pawarpre/public_html/pjn.simpleaccounting.in/app/Controller/InvoicesController.php(33): Model->find('all', Array)
#8 [internal function]: InvoicesController->index()
#9 /home/pawarpre/public_html/pjn.simpleaccounting.in/lib/Cake/Controller/Controller.php(491): ReflectionMethod->invokeArgs(Object(InvoicesController), Array)
#10 /home/pawarpre/public_html/pjn.simpleaccounting.in/lib/Cake/Routing/Dispatcher.php(193): Controller->invokeAction(Object(CakeRequest))
#11 /home/pawarpre/public_html/pjn.simpleaccounting.in/lib/Cake/Routing/Dispatcher.php(167): Dispatcher->_invoke(Object(InvoicesController), Object(CakeRequest))
#12 /home/pawarpre/public_html/pjn.simpleaccounting.in/app/webroot/index.php(97): Dispatcher->dispatch(Object(CakeRequest), Object(CakeResponse))
#13 {main}
2020-06-26 23:01:50 Error: [MissingConnectionException] Database connection "Mysql" is missing, or could not be created.
Exception Attributes: array (
  'class' => 'Mysql',
  'message' => 'SQLSTATE[08004] [1040] Too many connections',
  'enabled' => true,
)
Request URL: /invoices/
Stack Trace:
#0 /home/pawarpre/public_html/pjn.simpleaccounting.in/lib/Cake/Model/Datasource/DboSource.php(271): Mysql->connect()
#1 /home/pawarpre/public_html/pjn.simpleaccounting.in/lib/Cake/Model/ConnectionManager.php(105): DboSource->__construct(Array)
#2 /home/pawarpre/public_html/pjn.simpleaccounting.in/lib/Cake/Model/Model.php(3640): ConnectionManager::getDataSource('default')
#3 /home/pawarpre/public_html/pjn.simpleaccounting.in/lib/Cake/Model/Model.php(1162): Model->setDataSource('default')
#4 /home/pawarpre/public_html/pjn.simpleaccounting.in/lib/Cake/Model/Model.php(3667): Model->setSource('invoices')
#5 /home/pawarpre/public_html/pjn.simpleaccounting.in/lib/Cake/Model/Model.php(3038): Model->getDataSource()
#6 /home/pawarpre/public_html/pjn.simpleaccounting.in/lib/Cake/Model/Model.php(3010): Model->_readDataSource('all', Array)
#7 /home/pawarpre/public_html/pjn.simpleaccounting.in/app/Controller/InvoicesController.php(33): Model->find('all', Array)
#8 [internal function]: InvoicesController->index()
#9 /home/pawarpre/public_html/pjn.simpleaccounting.in/lib/Cake/Controller/Controller.php(491): ReflectionMethod->invokeArgs(Object(InvoicesController), Array)
#10 /home/pawarpre/public_html/pjn.simpleaccounting.in/lib/Cake/Routing/Dispatcher.php(193): Controller->invokeAction(Object(CakeRequest))
#11 /home/pawarpre/public_html/pjn.simpleaccounting.in/lib/Cake/Routing/Dispatcher.php(167): Dispatcher->_invoke(Object(InvoicesController), Object(CakeRequest))
#12 /home/pawarpre/public_html/pjn.simpleaccounting.in/app/webroot/index.php(97): Dispatcher->dispatch(Object(CakeRequest), Object(CakeResponse))
#13 {main}
2020-06-26 23:01:52 Error: [MissingConnectionException] Database connection "Mysql" is missing, or could not be created.
Exception Attributes: array (
  'class' => 'Mysql',
  'message' => 'SQLSTATE[08004] [1040] Too many connections',
  'enabled' => true,
)
Request URL: /invoices/
Stack Trace:
#0 /home/pawarpre/public_html/pjn.simpleaccounting.in/lib/Cake/Model/Datasource/DboSource.php(271): Mysql->connect()
#1 /home/pawarpre/public_html/pjn.simpleaccounting.in/lib/Cake/Model/ConnectionManager.php(105): DboSource->__construct(Array)
#2 /home/pawarpre/public_html/pjn.simpleaccounting.in/lib/Cake/Model/Model.php(3640): ConnectionManager::getDataSource('default')
#3 /home/pawarpre/public_html/pjn.simpleaccounting.in/lib/Cake/Model/Model.php(1162): Model->setDataSource('default')
#4 /home/pawarpre/public_html/pjn.simpleaccounting.in/lib/Cake/Model/Model.php(3667): Model->setSource('invoices')
#5 /home/pawarpre/public_html/pjn.simpleaccounting.in/lib/Cake/Model/Model.php(3038): Model->getDataSource()
#6 /home/pawarpre/public_html/pjn.simpleaccounting.in/lib/Cake/Model/Model.php(3010): Model->_readDataSource('all', Array)
#7 /home/pawarpre/public_html/pjn.simpleaccounting.in/app/Controller/InvoicesController.php(33): Model->find('all', Array)
#8 [internal function]: InvoicesController->index()
#9 /home/pawarpre/public_html/pjn.simpleaccounting.in/lib/Cake/Controller/Controller.php(491): ReflectionMethod->invokeArgs(Object(InvoicesController), Array)
#10 /home/pawarpre/public_html/pjn.simpleaccounting.in/lib/Cake/Routing/Dispatcher.php(193): Controller->invokeAction(Object(CakeRequest))
#11 /home/pawarpre/public_html/pjn.simpleaccounting.in/lib/Cake/Routing/Dispatcher.php(167): Dispatcher->_invoke(Object(InvoicesController), Object(CakeRequest))
#12 /home/pawarpre/public_html/pjn.simpleaccounting.in/app/webroot/index.php(97): Dispatcher->dispatch(Object(CakeRequest), Object(CakeResponse))
#13 {main}
2020-06-26 23:01:54 Error: [MissingConnectionException] Database connection "Mysql" is missing, or could not be created.
Exception Attributes: array (
  'class' => 'Mysql',
  'message' => 'SQLSTATE[08004] [1040] Too many connections',
  'enabled' => true,
)
Request URL: /invoices/
Stack Trace:
#0 /home/pawarpre/public_html/pjn.simpleaccounting.in/lib/Cake/Model/Datasource/DboSource.php(271): Mysql->connect()
#1 /home/pawarpre/public_html/pjn.simpleaccounting.in/lib/Cake/Model/ConnectionManager.php(105): DboSource->__construct(Array)
#2 /home/pawarpre/public_html/pjn.simpleaccounting.in/lib/Cake/Model/Model.php(3640): ConnectionManager::getDataSource('default')
#3 /home/pawarpre/public_html/pjn.simpleaccounting.in/lib/Cake/Model/Model.php(1162): Model->setDataSource('default')
#4 /home/pawarpre/public_html/pjn.simpleaccounting.in/lib/Cake/Model/Model.php(3667): Model->setSource('invoices')
#5 /home/pawarpre/public_html/pjn.simpleaccounting.in/lib/Cake/Model/Model.php(3038): Model->getDataSource()
#6 /home/pawarpre/public_html/pjn.simpleaccounting.in/lib/Cake/Model/Model.php(3010): Model->_readDataSource('all', Array)
#7 /home/pawarpre/public_html/pjn.simpleaccounting.in/app/Controller/InvoicesController.php(33): Model->find('all', Array)
#8 [internal function]: InvoicesController->index()
#9 /home/pawarpre/public_html/pjn.simpleaccounting.in/lib/Cake/Controller/Controller.php(491): ReflectionMethod->invokeArgs(Object(InvoicesController), Array)
#10 /home/pawarpre/public_html/pjn.simpleaccounting.in/lib/Cake/Routing/Dispatcher.php(193): Controller->invokeAction(Object(CakeRequest))
#11 /home/pawarpre/public_html/pjn.simpleaccounting.in/lib/Cake/Routing/Dispatcher.php(167): Dispatcher->_invoke(Object(InvoicesController), Object(CakeRequest))
#12 /home/pawarpre/public_html/pjn.simpleaccounting.in/app/webroot/index.php(97): Dispatcher->dispatch(Object(CakeRequest), Object(CakeResponse))
#13 {main}
2020-06-26 23:01:55 Error: [MissingConnectionException] Database connection "Mysql" is missing, or could not be created.
Exception Attributes: array (
  'class' => 'Mysql',
  'message' => 'SQLSTATE[08004] [1040] Too many connections',
  'enabled' => true,
)
Request URL: /invoices/
Stack Trace:
#0 /home/pawarpre/public_html/pjn.simpleaccounting.in/lib/Cake/Model/Datasource/DboSource.php(271): Mysql->connect()
#1 /home/pawarpre/public_html/pjn.simpleaccounting.in/lib/Cake/Model/ConnectionManager.php(105): DboSource->__construct(Array)
#2 /home/pawarpre/public_html/pjn.simpleaccounting.in/lib/Cake/Model/Model.php(3640): ConnectionManager::getDataSource('default')
#3 /home/pawarpre/public_html/pjn.simpleaccounting.in/lib/Cake/Model/Model.php(1162): Model->setDataSource('default')
#4 /home/pawarpre/public_html/pjn.simpleaccounting.in/lib/Cake/Model/Model.php(3667): Model->setSource('invoices')
#5 /home/pawarpre/public_html/pjn.simpleaccounting.in/lib/Cake/Model/Model.php(3038): Model->getDataSource()
#6 /home/pawarpre/public_html/pjn.simpleaccounting.in/lib/Cake/Model/Model.php(3010): Model->_readDataSource('all', Array)
#7 /home/pawarpre/public_html/pjn.simpleaccounting.in/app/Controller/InvoicesController.php(33): Model->find('all', Array)
#8 [internal function]: InvoicesController->index()
#9 /home/pawarpre/public_html/pjn.simpleaccounting.in/lib/Cake/Controller/Controller.php(491): ReflectionMethod->invokeArgs(Object(InvoicesController), Array)
#10 /home/pawarpre/public_html/pjn.simpleaccounting.in/lib/Cake/Routing/Dispatcher.php(193): Controller->invokeAction(Object(CakeRequest))
#11 /home/pawarpre/public_html/pjn.simpleaccounting.in/lib/Cake/Routing/Dispatcher.php(167): Dispatcher->_invoke(Object(InvoicesController), Object(CakeRequest))
#12 /home/pawarpre/public_html/pjn.simpleaccounting.in/app/webroot/index.php(97): Dispatcher->dispatch(Object(CakeRequest), Object(CakeResponse))
#13 {main}
2020-06-26 23:01:56 Error: [MissingConnectionException] Database connection "Mysql" is missing, or could not be created.
Exception Attributes: array (
  'class' => 'Mysql',
  'message' => 'SQLSTATE[08004] [1040] Too many connections',
  'enabled' => true,
)
Request URL: /invoices/
Stack Trace:
#0 /home/pawarpre/public_html/pjn.simpleaccounting.in/lib/Cake/Model/Datasource/DboSource.php(271): Mysql->connect()
#1 /home/pawarpre/public_html/pjn.simpleaccounting.in/lib/Cake/Model/ConnectionManager.php(105): DboSource->__construct(Array)
#2 /home/pawarpre/public_html/pjn.simpleaccounting.in/lib/Cake/Model/Model.php(3640): ConnectionManager::getDataSource('default')
#3 /home/pawarpre/public_html/pjn.simpleaccounting.in/lib/Cake/Model/Model.php(1162): Model->setDataSource('default')
#4 /home/pawarpre/public_html/pjn.simpleaccounting.in/lib/Cake/Model/Model.php(3667): Model->setSource('invoices')
#5 /home/pawarpre/public_html/pjn.simpleaccounting.in/lib/Cake/Model/Model.php(3038): Model->getDataSource()
#6 /home/pawarpre/public_html/pjn.simpleaccounting.in/lib/Cake/Model/Model.php(3010): Model->_readDataSource('all', Array)
#7 /home/pawarpre/public_html/pjn.simpleaccounting.in/app/Controller/InvoicesController.php(33): Model->find('all', Array)
#8 [internal function]: InvoicesController->index()
#9 /home/pawarpre/public_html/pjn.simpleaccounting.in/lib/Cake/Controller/Controller.php(491): ReflectionMethod->invokeArgs(Object(InvoicesController), Array)
#10 /home/pawarpre/public_html/pjn.simpleaccounting.in/lib/Cake/Routing/Dispatcher.php(193): Controller->invokeAction(Object(CakeRequest))
#11 /home/pawarpre/public_html/pjn.simpleaccounting.in/lib/Cake/Routing/Dispatcher.php(167): Dispatcher->_invoke(Object(InvoicesController), Object(CakeRequest))
#12 /home/pawarpre/public_html/pjn.simpleaccounting.in/app/webroot/index.php(97): Dispatcher->dispatch(Object(CakeRequest), Object(CakeResponse))
#13 {main}
2020-06-26 23:01:58 Error: [MissingConnectionException] Database connection "Mysql" is missing, or could not be created.
Exception Attributes: array (
  'class' => 'Mysql',
  'message' => 'SQLSTATE[08004] [1040] Too many connections',
  'enabled' => true,
)
Request URL: /invoices/
Stack Trace:
#0 /home/pawarpre/public_html/pjn.simpleaccounting.in/lib/Cake/Model/Datasource/DboSource.php(271): Mysql->connect()
#1 /home/pawarpre/public_html/pjn.simpleaccounting.in/lib/Cake/Model/ConnectionManager.php(105): DboSource->__construct(Array)
#2 /home/pawarpre/public_html/pjn.simpleaccounting.in/lib/Cake/Model/Model.php(3640): ConnectionManager::getDataSource('default')
#3 /home/pawarpre/public_html/pjn.simpleaccounting.in/lib/Cake/Model/Model.php(1162): Model->setDataSource('default')
#4 /home/pawarpre/public_html/pjn.simpleaccounting.in/lib/Cake/Model/Model.php(3667): Model->setSource('invoices')
#5 /home/pawarpre/public_html/pjn.simpleaccounting.in/lib/Cake/Model/Model.php(3038): Model->getDataSource()
#6 /home/pawarpre/public_html/pjn.simpleaccounting.in/lib/Cake/Model/Model.php(3010): Model->_readDataSource('all', Array)
#7 /home/pawarpre/public_html/pjn.simpleaccounting.in/app/Controller/InvoicesController.php(33): Model->find('all', Array)
#8 [internal function]: InvoicesController->index()
#9 /home/pawarpre/public_html/pjn.simpleaccounting.in/lib/Cake/Controller/Controller.php(491): ReflectionMethod->invokeArgs(Object(InvoicesController), Array)
#10 /home/pawarpre/public_html/pjn.simpleaccounting.in/lib/Cake/Routing/Dispatcher.php(193): Controller->invokeAction(Object(CakeRequest))
#11 /home/pawarpre/public_html/pjn.simpleaccounting.in/lib/Cake/Routing/Dispatcher.php(167): Dispatcher->_invoke(Object(InvoicesController), Object(CakeRequest))
#12 /home/pawarpre/public_html/pjn.simpleaccounting.in/app/webroot/index.php(97): Dispatcher->dispatch(Object(CakeRequest), Object(CakeResponse))
#13 {main}
2020-06-26 23:01:59 Error: [MissingConnectionException] Database connection "Mysql" is missing, or could not be created.
Exception Attributes: array (
  'class' => 'Mysql',
  'message' => 'SQLSTATE[08004] [1040] Too many connections',
  'enabled' => true,
)
Request URL: /invoices/
Stack Trace:
#0 /home/pawarpre/public_html/pjn.simpleaccounting.in/lib/Cake/Model/Datasource/DboSource.php(271): Mysql->connect()
#1 /home/pawarpre/public_html/pjn.simpleaccounting.in/lib/Cake/Model/ConnectionManager.php(105): DboSource->__construct(Array)
#2 /home/pawarpre/public_html/pjn.simpleaccounting.in/lib/Cake/Model/Model.php(3640): ConnectionManager::getDataSource('default')
#3 /home/pawarpre/public_html/pjn.simpleaccounting.in/lib/Cake/Model/Model.php(1162): Model->setDataSource('default')
#4 /home/pawarpre/public_html/pjn.simpleaccounting.in/lib/Cake/Model/Model.php(3667): Model->setSource('invoices')
#5 /home/pawarpre/public_html/pjn.simpleaccounting.in/lib/Cake/Model/Model.php(3038): Model->getDataSource()
#6 /home/pawarpre/public_html/pjn.simpleaccounting.in/lib/Cake/Model/Model.php(3010): Model->_readDataSource('all', Array)
#7 /home/pawarpre/public_html/pjn.simpleaccounting.in/app/Controller/InvoicesController.php(33): Model->find('all', Array)
#8 [internal function]: InvoicesController->index()
#9 /home/pawarpre/public_html/pjn.simpleaccounting.in/lib/Cake/Controller/Controller.php(491): ReflectionMethod->invokeArgs(Object(InvoicesController), Array)
#10 /home/pawarpre/public_html/pjn.simpleaccounting.in/lib/Cake/Routing/Dispatcher.php(193): Controller->invokeAction(Object(CakeRequest))
#11 /home/pawarpre/public_html/pjn.simpleaccounting.in/lib/Cake/Routing/Dispatcher.php(167): Dispatcher->_invoke(Object(InvoicesController), Object(CakeRequest))
#12 /home/pawarpre/public_html/pjn.simpleaccounting.in/app/webroot/index.php(97): Dispatcher->dispatch(Object(CakeRequest), Object(CakeResponse))
#13 {main}
2020-06-26 23:02:00 Error: [MissingConnectionException] Database connection "Mysql" is missing, or could not be created.
Exception Attributes: array (
  'class' => 'Mysql',
  'message' => 'SQLSTATE[08004] [1040] Too many connections',
  'enabled' => true,
)
Request URL: /invoices/
Stack Trace:
#0 /home/pawarpre/public_html/pjn.simpleaccounting.in/lib/Cake/Model/Datasource/DboSource.php(271): Mysql->connect()
#1 /home/pawarpre/public_html/pjn.simpleaccounting.in/lib/Cake/Model/ConnectionManager.php(105): DboSource->__construct(Array)
#2 /home/pawarpre/public_html/pjn.simpleaccounting.in/lib/Cake/Model/Model.php(3640): ConnectionManager::getDataSource('default')
#3 /home/pawarpre/public_html/pjn.simpleaccounting.in/lib/Cake/Model/Model.php(1162): Model->setDataSource('default')
#4 /home/pawarpre/public_html/pjn.simpleaccounting.in/lib/Cake/Model/Model.php(3667): Model->setSource('invoices')
#5 /home/pawarpre/public_html/pjn.simpleaccounting.in/lib/Cake/Model/Model.php(3038): Model->getDataSource()
#6 /home/pawarpre/public_html/pjn.simpleaccounting.in/lib/Cake/Model/Model.php(3010): Model->_readDataSource('all', Array)
#7 /home/pawarpre/public_html/pjn.simpleaccounting.in/app/Controller/InvoicesController.php(33): Model->find('all', Array)
#8 [internal function]: InvoicesController->index()
#9 /home/pawarpre/public_html/pjn.simpleaccounting.in/lib/Cake/Controller/Controller.php(491): ReflectionMethod->invokeArgs(Object(InvoicesController), Array)
#10 /home/pawarpre/public_html/pjn.simpleaccounting.in/lib/Cake/Routing/Dispatcher.php(193): Controller->invokeAction(Object(CakeRequest))
#11 /home/pawarpre/public_html/pjn.simpleaccounting.in/lib/Cake/Routing/Dispatcher.php(167): Dispatcher->_invoke(Object(InvoicesController), Object(CakeRequest))
#12 /home/pawarpre/public_html/pjn.simpleaccounting.in/app/webroot/index.php(97): Dispatcher->dispatch(Object(CakeRequest), Object(CakeResponse))
#13 {main}
2020-06-26 23:02:09 Error: [MissingConnectionException] Database connection "Mysql" is missing, or could not be created.
Exception Attributes: array (
  'class' => 'Mysql',
  'message' => 'SQLSTATE[08004] [1040] Too many connections',
  'enabled' => true,
)
Request URL: /invoices/
Stack Trace:
#0 /home/pawarpre/public_html/pjn.simpleaccounting.in/lib/Cake/Model/Datasource/DboSource.php(271): Mysql->connect()
#1 /home/pawarpre/public_html/pjn.simpleaccounting.in/lib/Cake/Model/ConnectionManager.php(105): DboSource->__construct(Array)
#2 /home/pawarpre/public_html/pjn.simpleaccounting.in/lib/Cake/Model/Model.php(3640): ConnectionManager::getDataSource('default')
#3 /home/pawarpre/public_html/pjn.simpleaccounting.in/lib/Cake/Model/Model.php(1162): Model->setDataSource('default')
#4 /home/pawarpre/public_html/pjn.simpleaccounting.in/lib/Cake/Model/Model.php(3667): Model->setSource('invoices')
#5 /home/pawarpre/public_html/pjn.simpleaccounting.in/lib/Cake/Model/Model.php(3038): Model->getDataSource()
#6 /home/pawarpre/public_html/pjn.simpleaccounting.in/lib/Cake/Model/Model.php(3010): Model->_readDataSource('all', Array)
#7 /home/pawarpre/public_html/pjn.simpleaccounting.in/app/Controller/InvoicesController.php(33): Model->find('all', Array)
#8 [internal function]: InvoicesController->index()
#9 /home/pawarpre/public_html/pjn.simpleaccounting.in/lib/Cake/Controller/Controller.php(491): ReflectionMethod->invokeArgs(Object(InvoicesController), Array)
#10 /home/pawarpre/public_html/pjn.simpleaccounting.in/lib/Cake/Routing/Dispatcher.php(193): Controller->invokeAction(Object(CakeRequest))
#11 /home/pawarpre/public_html/pjn.simpleaccounting.in/lib/Cake/Routing/Dispatcher.php(167): Dispatcher->_invoke(Object(InvoicesController), Object(CakeRequest))
#12 /home/pawarpre/public_html/pjn.simpleaccounting.in/app/webroot/index.php(97): Dispatcher->dispatch(Object(CakeRequest), Object(CakeResponse))
#13 {main}
2020-06-26 23:37:07 Error: [MissingControllerException] Controller class ImgController could not be found.
Exception Attributes: array (
  'class' => 'ImgController',
  'plugin' => NULL,
)
Request URL: /img/show_details.gif
Stack Trace:
#0 /home/pawarpre/public_html/pjn.simpleaccounting.in/app/webroot/index.php(97): Dispatcher->dispatch(Object(CakeRequest), Object(CakeResponse))
#1 {main}
2020-06-28 21:25:31 Error: Fatal Error (4): syntax error, unexpected '>' in [/home/pawarpre/public_html/pjn.simpleaccounting.in/app/View/Franchises/edit.ctp, line 15]
2020-06-29 16:11:19 Error: Fatal Error (1): Class 'PDO' not found in [/home/pawarpre/public_html/pjn.simpleaccounting.in/lib/Cake/Model/Datasource/Database/Mysql.php, line 217]
2020-06-29 16:11:23 Error: Fatal Error (1): Class 'PDO' not found in [/home/pawarpre/public_html/pjn.simpleaccounting.in/lib/Cake/Model/Datasource/Database/Mysql.php, line 217]
2020-06-29 16:11:29 Error: Fatal Error (1): Class 'PDO' not found in [/home/pawarpre/public_html/pjn.simpleaccounting.in/lib/Cake/Model/Datasource/Database/Mysql.php, line 217]
2020-06-29 16:11:35 Error: Fatal Error (1): Class 'PDO' not found in [/home/pawarpre/public_html/pjn.simpleaccounting.in/lib/Cake/Model/Datasource/Database/Mysql.php, line 217]
2020-06-29 16:11:39 Error: Fatal Error (1): Class 'PDO' not found in [/home/pawarpre/public_html/pjn.simpleaccounting.in/lib/Cake/Model/Datasource/Database/Mysql.php, line 217]
2020-06-29 16:11:41 Error: Fatal Error (1): Class 'PDO' not found in [/home/pawarpre/public_html/pjn.simpleaccounting.in/lib/Cake/Model/Datasource/Database/Mysql.php, line 217]
2020-06-29 16:11:43 Error: Fatal Error (1): Class 'PDO' not found in [/home/pawarpre/public_html/pjn.simpleaccounting.in/lib/Cake/Model/Datasource/Database/Mysql.php, line 217]
2020-06-29 16:15:28 Error: Fatal Error (1): Class 'PDO' not found in [/home/pawarpre/public_html/pjn.simpleaccounting.in/lib/Cake/Model/Datasource/Database/Mysql.php, line 217]
2020-06-29 16:16:58 Error: Fatal Error (1): Class 'PDO' not found in [/home/pawarpre/public_html/pjn.simpleaccounting.in/lib/Cake/Model/Datasource/Database/Mysql.php, line 217]
2020-06-29 16:19:14 Error: Fatal Error (1): Class 'PDO' not found in [/home/pawarpre/public_html/pjn.simpleaccounting.in/lib/Cake/Model/Datasource/Database/Mysql.php, line 217]
2020-06-29 16:19:16 Error: Fatal Error (1): Class 'PDO' not found in [/home/pawarpre/public_html/pjn.simpleaccounting.in/lib/Cake/Model/Datasource/Database/Mysql.php, line 217]
2020-06-29 16:19:17 Error: Fatal Error (1): Class 'PDO' not found in [/home/pawarpre/public_html/pjn.simpleaccounting.in/lib/Cake/Model/Datasource/Database/Mysql.php, line 217]
2020-06-29 16:19:18 Error: Fatal Error (1): Class 'PDO' not found in [/home/pawarpre/public_html/pjn.simpleaccounting.in/lib/Cake/Model/Datasource/Database/Mysql.php, line 217]
2020-07-02 08:21:45 Error: Fatal Error (1): Call to a member function compact() on null in [/home/pawarpre/public_html/pjn.simpleaccounting.in/app/Controller/StoresController.php, line 396]
2020-07-02 13:37:38 Error: Fatal Error (1): Class 'AppModel' not found in [/home/pawarpre/public_html/pjn.simpleaccounting.in/app/Model/StoreSetting.php, line 3]
2020-07-02 13:37:52 Error: Fatal Error (1): Class 'AppModel' not found in [/home/pawarpre/public_html/pjn.simpleaccounting.in/app/Model/StoreSetting.php, line 3]
2020-07-02 13:37:52 Error: Fatal Error (1): Class 'AppModel' not found in [/home/pawarpre/public_html/pjn.simpleaccounting.in/app/Model/StoreSetting.php, line 3]
2020-07-02 13:38:29 Error: Fatal Error (1): Class 'Model' not found in [/home/pawarpre/public_html/pjn.simpleaccounting.in/app/Model/StoreSetting.php, line 3]
2020-07-02 13:38:31 Error: Fatal Error (1): Class 'Model' not found in [/home/pawarpre/public_html/pjn.simpleaccounting.in/app/Model/StoreSetting.php, line 3]
2020-07-02 13:38:55 Error: Fatal Error (1): Class 'AppModel' not found in [/home/pawarpre/public_html/pjn.simpleaccounting.in/app/Model/StoreSetting.php, line 3]
2020-07-02 13:38:56 Error: Fatal Error (1): Class 'AppModel' not found in [/home/pawarpre/public_html/pjn.simpleaccounting.in/app/Model/StoreSetting.php, line 3]
2020-07-02 13:38:56 Error: Fatal Error (1): Class 'AppModel' not found in [/home/pawarpre/public_html/pjn.simpleaccounting.in/app/Model/StoreSetting.php, line 3]
2020-07-30 19:30:43 Error: [MissingControllerException] Controller class .gitController could not be found.
Exception Attributes: array (
  'class' => '.gitController',
  'plugin' => NULL,
)
Request URL: /.git/HEAD
Stack Trace:
#0 /home/pawarpre/projects_cakephp_2_10_22/app_pjn_mobile/webroot/index.php(117): Dispatcher->dispatch(Object(CakeRequest), Object(CakeResponse))
#1 {main}
2020-07-30 19:30:43 Error: [MissingControllerException] Controller class .gitController could not be found.
Exception Attributes: array (
  'class' => '.gitController',
  'plugin' => NULL,
)
Request URL: /.git/HEAD
Stack Trace:
#0 /home/pawarpre/projects_cakephp_2_10_22/app_pjn_mobile/webroot/index.php(117): Dispatcher->dispatch(Object(CakeRequest), Object(CakeResponse))
#1 {main}
2020-07-30 19:30:43 Error: [MissingControllerException] Controller class .gitController could not be found.
Exception Attributes: array (
  'class' => '.gitController',
  'plugin' => NULL,
)
Request URL: /.git/HEAD
Stack Trace:
#0 /home/pawarpre/projects_cakephp_2_10_22/app_pjn_mobile/webroot/index.php(117): Dispatcher->dispatch(Object(CakeRequest), Object(CakeResponse))
#1 {main}
2020-07-30 19:30:44 Error: [MissingControllerException] Controller class .gitController could not be found.
Exception Attributes: array (
  'class' => '.gitController',
  'plugin' => NULL,
)
Request URL: /.git/HEAD
Stack Trace:
#0 /home/pawarpre/projects_cakephp_2_10_22/app_pjn_mobile/webroot/index.php(117): Dispatcher->dispatch(Object(CakeRequest), Object(CakeResponse))
#1 {main}
2020-07-30 19:31:04 Error: [MissingControllerException] Controller class .gitController could not be found.
Exception Attributes: array (
  'class' => '.gitController',
  'plugin' => NULL,
)
Request URL: /.git/HEAD
Stack Trace:
#0 /home/pawarpre/projects_cakephp_2_10_22/app_pjn_mobile/webroot/index.php(117): Dispatcher->dispatch(Object(CakeRequest), Object(CakeResponse))
#1 {main}
2020-07-30 19:31:04 Error: [MissingControllerException] Controller class .gitController could not be found.
Exception Attributes: array (
  'class' => '.gitController',
  'plugin' => NULL,
)
Request URL: /.git/HEAD
Stack Trace:
#0 /home/pawarpre/projects_cakephp_2_10_22/app_pjn_mobile/webroot/index.php(117): Dispatcher->dispatch(Object(CakeRequest), Object(CakeResponse))
#1 {main}
2020-07-30 19:31:05 Error: [MissingControllerException] Controller class .gitController could not be found.
Exception Attributes: array (
  'class' => '.gitController',
  'plugin' => NULL,
)
Request URL: /.git/HEAD
Stack Trace:
#0 /home/pawarpre/projects_cakephp_2_10_22/app_pjn_mobile/webroot/index.php(117): Dispatcher->dispatch(Object(CakeRequest), Object(CakeResponse))
#1 {main}
2020-07-30 19:31:05 Error: [MissingControllerException] Controller class .gitController could not be found.
Exception Attributes: array (
  'class' => '.gitController',
  'plugin' => NULL,
)
Request URL: /.git/HEAD
Stack Trace:
#0 /home/pawarpre/projects_cakephp_2_10_22/app_pjn_mobile/webroot/index.php(117): Dispatcher->dispatch(Object(CakeRequest), Object(CakeResponse))
#1 {main}
